{"kind":"ObjectId","level":"error","path":"_id","reason":{},"stringValue":"\"{usdtlogo}\"","value":"{usdtlogo}","valueType":"string"}
{"kind":"ObjectId","level":"error","path":"_id","reason":{},"stringValue":"\"{usdclogo}\"","value":"{usdclogo}","valueType":"string"}
{"kind":"ObjectId","level":"error","path":"_id","reason":{},"stringValue":"\"{item.pictureUrl}\"","value":"{item.pictureUrl}","valueType":"string"}
{"kind":"ObjectId","level":"error","path":"_id","reason":{},"stringValue":"\"{usdtlogo}\"","value":"{usdtlogo}","valueType":"string"}
{"kind":"ObjectId","level":"error","path":"_id","reason":{},"stringValue":"\"{usdclogo}\"","value":"{usdclogo}","valueType":"string"}
{"kind":"ObjectId","level":"error","path":"_id","reason":{},"stringValue":"\"{item.pictureUrl}\"","value":"{item.pictureUrl}","valueType":"string"}
{"kind":"ObjectId","level":"error","path":"_id","reason":{},"stringValue":"\"className=\"d-block\"","value":"className=\"d-block","valueType":"string"}
{"kind":"ObjectId","level":"error","path":"_id","reason":{},"stringValue":"\"producto desde graphiql\"","value":"producto desde graphiql","valueType":"string"}
{"kind":"ObjectId","level":"error","path":"_id","reason":{},"stringValue":"\"Producto para test con mocha-chai\"","value":"Producto para test con mocha-chai","valueType":"string"}
{"kind":"ObjectId","level":"error","path":"_id","reason":{},"stringValue":"\"Otro Producto para test con mocha-chai\"","value":"Otro Producto para test con mocha-chai","valueType":"string"}
{"kind":"ObjectId","level":"error","path":"_id","reason":{},"stringValue":"\"Otro Producto para test con mocha-chai\"","value":"Otro Producto para test con mocha-chai","valueType":"string"}
{"kind":"ObjectId","level":"error","path":"_id","reason":{},"stringValue":"\"Otro Producto para test con mocha-chai\"","value":"Otro Producto para test con mocha-chai","valueType":"string"}
{"kind":"ObjectId","level":"error","path":"_id","reason":{},"stringValue":"\"Otro Producto para test con mocha-chai\"","value":"Otro Producto para test con mocha-chai","valueType":"string"}
{"kind":"ObjectId","level":"error","path":"_id","reason":{},"stringValue":"\"Otro Producto para test con mocha-chai\"","value":"Otro Producto para test con mocha-chai","valueType":"string"}
{"kind":"ObjectId","level":"error","path":"_id","reason":{},"stringValue":"\"Otro Producto para test con mocha-chai\"","value":"Otro Producto para test con mocha-chai","valueType":"string"}
{"kind":"ObjectId","level":"error","path":"_id","reason":{},"stringValue":"\"Otro Producto para test con mocha-chai\"","value":"Otro Producto para test con mocha-chai","valueType":"string"}
{"kind":"ObjectId","level":"error","path":"_id","reason":{},"stringValue":"\"Otro Producto para test con mocha-chai\"","value":"Otro Producto para test con mocha-chai","valueType":"string"}
{"kind":"ObjectId","level":"error","path":"_id","reason":{},"stringValue":"\"Producto para test con mocha-chai\"","value":"Producto para test con mocha-chai","valueType":"string"}
{"kind":"ObjectId","level":"error","path":"_id","reason":{},"stringValue":"\"Producto para test con mocha-chai\"","value":"Producto para test con mocha-chai","valueType":"string"}
{"kind":"ObjectId","level":"error","path":"_id","reason":{},"stringValue":"\"Producto para test con mocha-chai\"","value":"Producto para test con mocha-chai","valueType":"string"}
